let a= 20;
undefined
let b= 30;
undefined
let c= a+b;
undefined
console.log(c);
VM206:1 50
undefined
c=~a
-21
let d=b+c;
undefined
console.log(d);
VM334:1 9
undefined
document.write(~a);
undefined
document.write(a);
undefined
c=a*-1;
-20
// Para cálcular a inversão de um número, multiplicando ele por -1, com o sinal ~ não funcionando no código em si
undefined
a= 5;
5
b= a*-1;
-5
c=10+a;
15
d=c+10;
25
a= 50;
50
b=a;
50
c=a-b;
0
a= -20;
-20
b= 30;
30
c= a*-1;
20
d= b+c;
50
a=15;
15
b=5;
5
c=a-b;
10
d=c+10;
20
a=30;
30
b=a;
30
c=a/b;
1
a=30;
30
b=a;
30
c=a/b;
1
a=50;
50
b=2;
2
c=a*b;
100
d=c/b;
50
